<?xml version="1.0" encoding="UTF-8"?>
<!-- Generated by org.testng.reporters.JUnitReportReporter -->
<testsuite hostname="DESKTOP-6A060UP" failures="0" tests="1" name="typesParameters.FormParameterTest" time="4.085" errors="0" timestamp="2024-10-17T11:20:13 EDT" skipped="0">
  <testcase classname="typesParameters.FormParameterTest" name="sampleTest" time="4.085"/>
  <system-out/>
</testsuite> <!-- typesParameters.FormParameterTest -->
