<?xml version="1.0" encoding="UTF-8"?>
<!-- Generated by org.testng.reporters.JUnitReportReporter -->
<testsuite hostname="DESKTOP-6A060UP" failures="0" tests="1" name="basicAuthentication.BearerTokenAuthentication" time="10.016" errors="0" timestamp="2024-10-17T16:04:42 EDT" skipped="0">
  <testcase classname="basicAuthentication.BearerTokenAuthentication" name="sampleTest" time="10.016"/>
  <system-out/>
</testsuite> <!-- basicAuthentication.BearerTokenAuthentication -->
