<?xml version="1.0" encoding="UTF-8"?>
<!-- Generated by org.testng.reporters.JUnitReportReporter -->
<testsuite hostname="DESKTOP-6A060UP" failures="0" tests="1" name="com.sample.crud.withoutBDD.SampleTestToModifyTest" time="4.245" errors="0" timestamp="2024-10-10T12:07:49 EDT" skipped="0">
  <testcase classname="com.sample.crud.withoutBDD.SampleTestToModifyTest" name="putDataToServer" time="4.245"/>
  <system-out/>
</testsuite> <!-- com.sample.crud.withoutBDD.SampleTestToModifyTest -->
