<?xml version="1.0" encoding="UTF-8"?>
<!-- Generated by org.testng.reporters.JUnitReportReporter -->
<testsuite hostname="DESKTOP-6A060UP" failures="0" tests="1" name="com.PostRequestTypes.Postreq_via_PojoClass" time="7.454" errors="0" timestamp="2024-10-18T17:06:14 EDT" skipped="0">
  <testcase classname="com.PostRequestTypes.Postreq_via_PojoClass" name="postDataToServer" time="7.454"/>
  <system-out/>
</testsuite> <!-- com.PostRequestTypes.Postreq_via_PojoClass -->
