<?xml version="1.0" encoding="UTF-8"?>
<!-- Generated by org.testng.reporters.JUnitReportReporter -->
<testsuite hostname="DESKTOP-6A060UP" failures="0" tests="1" name="com.PostRequestTypes.Postreq_via_JsonObject" time="6.843" errors="0" timestamp="2024-10-17T17:51:39 EDT" skipped="0">
  <testcase classname="com.PostRequestTypes.Postreq_via_JsonObject" name="postDataToServer" time="6.843"/>
  <system-out/>
</testsuite> <!-- com.PostRequestTypes.Postreq_via_JsonObject -->
