<?xml version="1.0" encoding="UTF-8"?>
<!-- Generated by org.testng.reporters.JUnitReportReporter -->
<testsuite hostname="DESKTOP-6A060UP" failures="0" tests="1" name="typesParameters.QueryParameterTest" time="6.712" errors="0" timestamp="2024-10-17T11:22:31 EDT" skipped="0">
  <testcase classname="typesParameters.QueryParameterTest" name="sampleTest" time="6.712"/>
  <system-out/>
</testsuite> <!-- typesParameters.QueryParameterTest -->
