<?xml version="1.0" encoding="UTF-8"?>
<!-- Generated by org.testng.reporters.JUnitReportReporter -->
<testsuite hostname="DESKTOP-6A060UP" failures="0" tests="1" name="com.practice.validation.BodyValidationTest" time="10.051" errors="0" timestamp="2024-10-16T16:31:28 EDT" skipped="0">
  <testcase classname="com.practice.validation.BodyValidationTest" name="verifyHeader" time="10.051"/>
  <system-out/>
</testsuite> <!-- com.practice.validation.BodyValidationTest -->
