<?xml version="1.0" encoding="UTF-8"?>
<!-- Generated by org.testng.reporters.JUnitReportReporter -->
<testsuite hostname="DESKTOP-6A060UP" failures="0" tests="1" name="pancardMock.CreditCardPaymentTest" time="6.733" errors="0" timestamp="2024-10-22T15:29:33 EDT" skipped="0">
  <testcase classname="pancardMock.CreditCardPaymentTest" name="paymentTest" time="6.733"/>
  <system-out/>
</testsuite> <!-- pancardMock.CreditCardPaymentTest -->
