<?xml version="1.0" encoding="UTF-8"?>
<!-- Generated by org.testng.reporters.JUnitReportReporter -->
<testsuite hostname="DESKTOP-6A060UP" failures="0" tests="1" name="com.sample.crud.withBDD.SampleTestForCreateTest" time="5.020" errors="0" timestamp="2024-10-23T09:17:55 EDT" skipped="0">
  <testcase classname="com.sample.crud.withBDD.SampleTestForCreateTest" name="postDataToServer" time="5.020"/>
  <system-out/>
</testsuite> <!-- com.sample.crud.withBDD.SampleTestForCreateTest -->
