<?xml version="1.0" encoding="UTF-8"?>
<!-- Generated by org.testng.reporters.JUnitReportReporter -->
<testsuite hostname="DESKTOP-6A060UP" failures="0" tests="1" name="com.sample.crud.withoutBDD.SampleTestForDeleteTest" time="5.233" errors="0" timestamp="2024-10-16T12:48:11 EDT" skipped="0">
  <testcase classname="com.sample.crud.withoutBDD.SampleTestForDeleteTest" name="getDataFromServer" time="5.233"/>
  <system-out/>
</testsuite> <!-- com.sample.crud.withoutBDD.SampleTestForDeleteTest -->
