<?xml version="1.0" encoding="UTF-8"?>
<!-- Generated by org.testng.reporters.JUnitReportReporter -->
<testsuite hostname="DESKTOP-6A060UP" failures="0" tests="1" name="typesParameters.PathParameterTest" time="4.250" errors="0" timestamp="2024-10-17T10:53:20 EDT" skipped="0">
  <testcase classname="typesParameters.PathParameterTest" name="sampleTest" time="4.250"/>
  <system-out/>
</testsuite> <!-- typesParameters.PathParameterTest -->
