<?xml version="1.0" encoding="UTF-8"?>
<!-- Generated by org.testng.reporters.JUnitReportReporter -->
<testsuite hostname="DESKTOP-6A060UP" failures="0" tests="1" name="com.PostRequestTypes.Postreq_via_HashMap" time="8.443" errors="0" timestamp="2024-10-16T12:20:14 EDT" skipped="0">
  <testcase classname="com.PostRequestTypes.Postreq_via_HashMap" name="postDataToServer" time="8.443"/>
  <system-out/>
</testsuite> <!-- com.PostRequestTypes.Postreq_via_HashMap -->
