<?xml version="1.0" encoding="UTF-8"?>
<!-- Generated by org.testng.reporters.JUnitReportReporter -->
<testsuite hostname="DESKTOP-6A060UP" failures="0" tests="1" name="Practice.GitHubTestCasePractice" time="11.296" errors="0" timestamp="2024-10-19T15:01:05 EDT" skipped="0">
  <testcase classname="Practice.GitHubTestCasePractice" name="createRepo" time="11.296"/>
  <system-out/>
</testsuite> <!-- Practice.GitHubTestCasePractice -->
