<?xml version="1.0" encoding="UTF-8"?>
<!-- Generated by org.testng.reporters.JUnitReportReporter -->
<testsuite hostname="DESKTOP-6A060UP" failures="0" tests="1" name="basicAuthentication.auth2_0_Authentication" time="11.681" errors="0" timestamp="2024-10-23T14:49:20 EDT" skipped="0">
  <testcase classname="basicAuthentication.auth2_0_Authentication" name="sampleTest" time="11.681"/>
  <system-out/>
</testsuite> <!-- basicAuthentication.auth2_0_Authentication -->
