<?xml version="1.0" encoding="UTF-8"?>
<!-- Generated by org.testng.reporters.JUnitReportReporter -->
<testsuite hostname="DESKTOP-6A060UP" failures="0" tests="1" name="basicAuthentication.DigestiveAuth" time="5.699" errors="0" timestamp="2024-10-17T15:12:21 EDT" skipped="0">
  <testcase classname="basicAuthentication.DigestiveAuth" name="sampleTest" time="5.699"/>
  <system-out/>
</testsuite> <!-- basicAuthentication.DigestiveAuth -->
