<?xml version="1.0" encoding="UTF-8"?>
<!-- Generated by org.testng.reporters.JUnitReportReporter -->
<testsuite hostname="DESKTOP-6A060UP" failures="0" tests="1" name="com.practice.validation.HeaderValidationTimeTest" time="117.600" errors="0" timestamp="2024-10-16T15:14:38 EDT" skipped="0">
  <testcase classname="com.practice.validation.HeaderValidationTimeTest" name="verifyHeader" time="117.600"/>
  <system-out/>
</testsuite> <!-- com.practice.validation.HeaderValidationTimeTest -->
