<?xml version="1.0" encoding="UTF-8"?>
<!-- Generated by org.testng.reporters.JUnitReportReporter -->
<testsuite hostname="DESKTOP-6A060UP" failures="0" tests="1" name="encryption.UpdatePayrollinfoViaAESEncryption" time="4.852" errors="0" timestamp="2024-10-18T14:09:59 EDT" skipped="0">
  <testcase classname="encryption.UpdatePayrollinfoViaAESEncryption" name="sampleTest" time="4.852"/>
  <system-out/>
</testsuite> <!-- encryption.UpdatePayrollinfoViaAESEncryption -->
