<?xml version="1.0" encoding="UTF-8"?>
<!-- Generated by org.testng.reporters.JUnitReportReporter -->
<testsuite hostname="DESKTOP-6A060UP" failures="0" tests="7" name="ddt.Ddt_Using_DataProvider" time="5.540" errors="0" timestamp="2024-10-19T10:20:37 EDT" skipped="0">
  <testcase classname="ddt.Ddt_Using_DataProvider" name="sampleTest" time="0.112"/>
  <system-out/>
  <testcase classname="ddt.Ddt_Using_DataProvider" name="sampleTest" time="0.105"/>
  <system-out/>
  <testcase classname="ddt.Ddt_Using_DataProvider" name="sampleTest" time="0.195"/>
  <system-out/>
  <testcase classname="ddt.Ddt_Using_DataProvider" name="sampleTest" time="4.770"/>
  <system-out/>
  <testcase classname="ddt.Ddt_Using_DataProvider" name="sampleTest" time="0.120"/>
  <system-out/>
  <testcase classname="ddt.Ddt_Using_DataProvider" name="sampleTest" time="0.133"/>
  <system-out/>
  <testcase classname="ddt.Ddt_Using_DataProvider" name="sampleTest" time="0.105"/>
  <system-out/>
</testsuite> <!-- ddt.Ddt_Using_DataProvider -->
