<?xml version="1.0" encoding="UTF-8"?>
<!-- Generated by org.testng.reporters.JUnitReportReporter -->
<testsuite hostname="DESKTOP-6A060UP" failures="0" tests="1" name="basicAuthentication.PreemptiveAuth" time="7.826" errors="0" timestamp="2024-10-17T17:19:26 EDT" skipped="0">
  <testcase classname="basicAuthentication.PreemptiveAuth" name="sampleTest" time="7.826"/>
  <system-out/>
</testsuite> <!-- basicAuthentication.PreemptiveAuth -->
