<?xml version="1.0" encoding="UTF-8"?>
<!-- Generated by org.testng.reporters.JUnitReportReporter -->
<testsuite hostname="DESKTOP-6A060UP" failures="0" tests="1" name="Practice.SampleTestUsingMethodChaining" time="7.936" errors="0" timestamp="2024-10-09T12:22:23 EDT" skipped="0">
  <testcase classname="Practice.SampleTestUsingMethodChaining" name="sampleGetReqTest" time="7.936"/>
  <system-out/>
</testsuite> <!-- Practice.SampleTestUsingMethodChaining -->
