<?xml version="1.0" encoding="UTF-8"?>
<!-- Generated by org.testng.reporters.JUnitReportReporter -->
<testsuite hostname="DESKTOP-6A060UP" failures="0" tests="1" name="com.requestChaining.Scenario_02_AddEmpToProject" time="6.630" errors="0" timestamp="2024-10-23T11:23:33 EDT" skipped="0">
  <testcase classname="com.requestChaining.Scenario_02_AddEmpToProject" name="postDataToServer" time="6.630"/>
  <system-out/>
</testsuite> <!-- com.requestChaining.Scenario_02_AddEmpToProject -->
