<?xml version="1.0" encoding="UTF-8"?>
<!-- Generated by org.testng.reporters.JUnitReportReporter -->
<testsuite hostname="DESKTOP-6A060UP" failures="0" tests="1" name="Practice.runner" time="9.664" errors="0" timestamp="2024-10-21T18:09:22 EDT" skipped="0">
  <testcase classname="Practice.runner" name="sampleTest" time="9.664"/>
  <system-out/>
</testsuite> <!-- Practice.runner -->
