<?xml version="1.0" encoding="UTF-8"?>
<!-- Generated by org.testng.reporters.JUnitReportReporter -->
<testsuite hostname="DESKTOP-6A060UP" failures="0" tests="1" name="com.sample.crud.withBDD.SampleTestToModifyTest" time="4.220" errors="0" timestamp="2024-10-10T12:43:33 EDT" skipped="0">
  <testcase classname="com.sample.crud.withBDD.SampleTestToModifyTest" name="putDataToServer" time="4.220"/>
  <system-out/>
</testsuite> <!-- com.sample.crud.withBDD.SampleTestToModifyTest -->
