<?xml version="1.0" encoding="UTF-8"?>
<!-- Generated by org.testng.reporters.JUnitReportReporter -->
<testsuite hostname="DESKTOP-6A060UP" failures="0" tests="1" name="com.requestChaining.Scenario_01_Delete_Project" time="9.928" errors="0" timestamp="2024-10-16T17:18:53 EDT" skipped="0">
  <testcase classname="com.requestChaining.Scenario_01_Delete_Project" name="postDataToServer" time="9.928"/>
  <system-out/>
</testsuite> <!-- com.requestChaining.Scenario_01_Delete_Project -->
