<?xml version="1.0" encoding="UTF-8"?>
<!-- Generated by org.testng.reporters.JUnitReportReporter -->
<testsuite hostname="DESKTOP-6A060UP" failures="0" tests="1" name="pac.SampleTest" time="5.353" errors="0" timestamp="2024-10-08T15:32:09 EDT" skipped="0">
  <testcase classname="pac.SampleTest" name="sampleGetReqTest" time="5.353"/>
  <system-out/>
</testsuite> <!-- pac.SampleTest -->
