<?xml version="1.0" encoding="UTF-8"?>
<!-- Generated by org.testng.reporters.JUnitReportReporter -->
<testsuite hostname="DESKTOP-6A060UP" failures="0" tests="1" name="encryption.EncodingAndDecodingTest" time="0.036" errors="0" timestamp="2024-10-18T10:04:39 EDT" skipped="0">
  <testcase classname="encryption.EncodingAndDecodingTest" name="sampleTest" time="0.036"/>
  <system-out/>
</testsuite> <!-- encryption.EncodingAndDecodingTest -->
