<?xml version="1.0" encoding="UTF-8"?>
<!-- Generated by org.testng.reporters.JUnitReportReporter -->
<testsuite hostname="DESKTOP-6A060UP" failures="0" tests="1" name="com.sample.crud.withoutBDD.SampleTestToPartialModifyTest" time="15.708" errors="0" timestamp="2024-10-10T12:15:37 EDT" skipped="0">
  <testcase classname="com.sample.crud.withoutBDD.SampleTestToPartialModifyTest" name="putDataToServer" time="15.708"/>
  <system-out/>
</testsuite> <!-- com.sample.crud.withoutBDD.SampleTestToPartialModifyTest -->
