<?xml version="1.0" encoding="UTF-8"?>
<!-- Generated by org.testng.reporters.JUnitReportReporter -->
<testsuite hostname="DESKTOP-6A060UP" failures="0" tests="1" name="typesParameters.ParamParameterTest" time="4.294" errors="0" timestamp="2024-10-17T11:22:59 EDT" skipped="0">
  <testcase classname="typesParameters.ParamParameterTest" name="sampleTest" time="4.294"/>
  <system-out/>
</testsuite> <!-- typesParameters.ParamParameterTest -->
