<?xml version="1.0" encoding="UTF-8"?>
<!-- Generated by org.testng.reporters.JUnitReportReporter -->
<testsuite hostname="DESKTOP-6A060UP" failures="0" tests="1" name="Practice.Example" time="14.379" errors="0" timestamp="2024-10-28T14:45:31 EDT" skipped="0">
  <testcase classname="Practice.Example" name="sampleTest" time="14.379"/>
  <system-out/>
</testsuite> <!-- Practice.Example -->
