<?xml version="1.0" encoding="UTF-8"?>
<!-- Generated by org.testng.reporters.JUnitReportReporter -->
<testsuite hostname="DESKTOP-6A060UP" failures="0" tests="1" name="com.practice.validation.verifyData_ComplexJsonxpath" time="5.458" errors="0" timestamp="2024-10-16T16:32:29 EDT" skipped="0">
  <testcase classname="com.practice.validation.verifyData_ComplexJsonxpath" name="verifyHeader" time="5.458"/>
  <system-out/>
</testsuite> <!-- com.practice.validation.verifyData_ComplexJsonxpath -->
