<?xml version="1.0" encoding="UTF-8"?>
<!-- Generated by org.testng.reporters.JUnitReportReporter -->
<testsuite hostname="DESKTOP-6A060UP" failures="0" tests="1" name="com.requestChaining.Scenario_03_Get_PayrollInfo" time="15.588" errors="0" timestamp="2024-10-18T13:14:45 EDT" skipped="0">
  <testcase classname="com.requestChaining.Scenario_03_Get_PayrollInfo" name="sampleTest" time="15.588"/>
  <system-out/>
</testsuite> <!-- com.requestChaining.Scenario_03_Get_PayrollInfo -->
